c:\users\moamen\onedrive\github\battleships\x64\debug\vc143.pdb
c:\users\moamen\onedrive\github\battleships\x64\debug\vc143.idb
c:\users\moamen\onedrive\github\battleships\x64\debug\options.obj
c:\users\moamen\onedrive\github\battleships\x64\debug\gamesystem.obj
c:\users\moamen\onedrive\github\battleships\x64\debug\main_menu.obj
c:\users\moamen\onedrive\github\battleships\x64\debug\grid.obj
c:\users\moamen\onedrive\github\battleships\x64\debug\warship.obj
c:\users\moamen\onedrive\github\battleships\x64\debug\submarine.obj
c:\users\moamen\onedrive\github\battleships\x64\debug\ship.obj
c:\users\moamen\onedrive\github\battleships\x64\debug\cruiser.obj
c:\users\moamen\onedrive\github\battleships\x64\debug\carrier.obj
c:\users\moamen\onedrive\github\battleships\x64\debug\battleship.obj
c:\users\moamen\onedrive\github\battleships\x64\debug\player.obj
c:\users\moamen\onedrive\github\battleships\x64\debug\computer.obj
c:\users\moamen\onedrive\github\battleships\x64\debug\character.obj
c:\users\moamen\onedrive\github\battleships\x64\debug\battleships.obj
c:\users\moamen\onedrive\github\battleships\x64\debug\battleships.exe
c:\users\moamen\onedrive\github\battleships\x64\debug\battleships.ilk
c:\users\moamen\onedrive\github\battleships\x64\debug\battleships.pdb
c:\users\moamen\onedrive\github\battleships\x64\debug\battleships.tlog\cl.command.1.tlog
c:\users\moamen\onedrive\github\battleships\x64\debug\battleships.tlog\cl.read.1.tlog
c:\users\moamen\onedrive\github\battleships\x64\debug\battleships.tlog\cl.write.1.tlog
c:\users\moamen\onedrive\github\battleships\x64\debug\battleships.tlog\link.command.1.tlog
c:\users\moamen\onedrive\github\battleships\x64\debug\battleships.tlog\link.read.1.tlog
c:\users\moamen\onedrive\github\battleships\x64\debug\battleships.tlog\link.write.1.tlog
